2025-05-20 19:43:43 - INFO - Processing file: test_questions.csv
2025-05-20 19:43:43 - INFO - 
Progress: 33.3% | Question 1/3
2025-05-20 19:43:43 - INFO - Question: What services does WellNet offer?...
2025-05-20 19:43:43 - INFO - Estimated time remaining: 0.0 minutes
2025-05-20 19:43:53 - INFO - 
Progress: 66.7% | Question 2/3
2025-05-20 19:43:53 - INFO - Question: How many years has WellNet been in business?...
2025-05-20 19:43:53 - INFO - Estimated time remaining: 0.1 minutes
2025-05-20 19:43:55 - INFO - 
Progress: 100.0% | Question 3/3
2025-05-20 19:43:55 - INFO - Question: What is WellNet's approach to customer service?...
2025-05-20 19:43:55 - INFO - Estimated time remaining: 0.0 minutes
2025-05-20 19:44:03 - INFO - 
Processing complete!
2025-05-20 19:44:03 - INFO - Total time: 0.3 minutes
2025-05-20 19:44:03 - INFO - Questions processed: 3/3
2025-05-20 19:44:03 - INFO - Results saved to test_questions_processed.csv
2025-05-20 19:44:03 - INFO - File processing completed successfully!
2025-05-20 19:46:49 - INFO - Processing file: test_questions.csv
2025-05-20 19:46:49 - INFO - 
Progress: 33.3% | Question 1/3
2025-05-20 19:46:49 - INFO - Question: What services does WellNet offer?...
2025-05-20 19:46:49 - INFO - Estimated time remaining: 0.0 minutes
2025-05-20 19:46:58 - INFO - 
Progress: 66.7% | Question 2/3
2025-05-20 19:46:58 - INFO - Question: How many years has WellNet been in business?...
2025-05-20 19:46:58 - INFO - Estimated time remaining: 0.1 minutes
2025-05-20 19:46:59 - INFO - 
Progress: 100.0% | Question 3/3
2025-05-20 19:46:59 - INFO - Question: What is WellNet's approach to customer service?...
2025-05-20 19:46:59 - INFO - Estimated time remaining: 0.0 minutes
2025-05-20 19:47:08 - INFO - 
Processing complete!
2025-05-20 19:47:08 - INFO - Total time: 0.3 minutes
2025-05-20 19:47:08 - INFO - Questions processed: 3/3
2025-05-20 19:47:08 - INFO - Results saved to test_questions_processed.csv
2025-05-20 19:47:08 - INFO - File processing completed successfully!
2025-05-20 19:56:04 - INFO - Processing file: test_quest
2025-05-20 19:56:04 - ERROR - Error processing file: Invalid CSV file: File not found: test_quest
2025-05-20 19:56:04 - ERROR - File processing failed.
2025-05-20 19:57:29 - INFO - Processing file: test_quest
2025-05-20 19:57:29 - ERROR - Error processing file: Invalid CSV file: File not found: test_quest
2025-05-20 19:57:29 - ERROR - File processing failed.
2025-05-20 19:57:52 - INFO - Processing file: test_questions.csv
2025-05-20 19:57:52 - INFO - 
Progress: 33.3% | Question 1/3
2025-05-20 19:57:52 - INFO - Question: What services does WellNet offer?...
2025-05-20 19:57:52 - INFO - Estimated time remaining: 0.0 minutes
2025-05-20 19:57:52 - INFO - Found exact match in database
2025-05-20 19:57:52 - INFO - Using answer from database
2025-05-20 19:57:53 - INFO - 
Progress: 66.7% | Question 2/3
2025-05-20 19:57:53 - INFO - Question: How many years has WellNet been in business?...
2025-05-20 19:57:53 - INFO - Estimated time remaining: 0.0 minutes
2025-05-20 19:57:53 - INFO - Found exact match in database
2025-05-20 19:57:53 - INFO - Using answer from database
2025-05-20 19:57:54 - INFO - 
Progress: 100.0% | Question 3/3
2025-05-20 19:57:54 - INFO - Question: What is WellNet's approach to customer service?...
2025-05-20 19:57:54 - INFO - Estimated time remaining: 0.0 minutes
2025-05-20 19:57:54 - INFO - Found exact match in database
2025-05-20 19:57:54 - INFO - Using answer from database
2025-05-20 19:57:55 - INFO - 
Processing complete!
2025-05-20 19:57:55 - INFO - Total time: 0.1 minutes
2025-05-20 19:57:55 - INFO - Questions processed: 3/3
2025-05-20 19:57:55 - INFO - Results saved to test_questions_processed.csv
2025-05-20 19:57:55 - INFO - File processing completed successfully!
